Analysis & Synthesis report for lab2
Fri Feb 13 11:13:35 2026
Quartus Prime Version 23.1std.1 Build 993 05/14/2024 SC Standard Edition


---------------------
; Table of Contents ;
---------------------
  1. Legal Notice
  2. Analysis & Synthesis Summary
  3. Analysis & Synthesis Settings
  4. Parallel Compilation
  5. Analysis & Synthesis Source Files Read
  6. Analysis & Synthesis Resource Usage Summary
  7. Analysis & Synthesis Resource Utilization by Entity
  8. State Machine - |lab2|code
  9. Registers Removed During Synthesis
 10. Removed Registers Triggering Further Register Optimizations
 11. General Register Statistics
 12. Inverted Register Statistics
 13. Multiplexer Restructuring Statistics (Restructuring Performed)
 14. Parameter Settings for User Entity Instance: clock_divider:u_div
 15. Parameter Settings for User Entity Instance: blinkHEX:u_blink
 16. Port Connectivity Checks: "counter:u_ms"
 17. Post-Synthesis Netlist Statistics for Top Partition
 18. Elapsed Time Per Partition
 19. Analysis & Synthesis Messages
 20. Analysis & Synthesis Suppressed Messages



----------------
; Legal Notice ;
----------------
Copyright (C) 2024  Intel Corporation. All rights reserved.
Your use of Intel Corporation's design tools, logic functions 
and other software and tools, and any partner logic 
functions, and any output files from any of the foregoing 
(including device programming or simulation files), and any 
associated documentation or information are expressly subject 
to the terms and conditions of the Intel Program License 
Subscription Agreement, the Intel Quartus Prime License Agreement,
the Intel FPGA IP License Agreement, or other applicable license
agreement, including, without limitation, that your use is for
the sole purpose of programming logic devices manufactured by
Intel and sold by Intel or its authorized distributors.  Please
refer to the applicable agreement for further details, at
https://fpgasoftware.intel.com/eula.



+--------------------------------------------------------------------------------------+
; Analysis & Synthesis Summary                                                         ;
+---------------------------------+----------------------------------------------------+
; Analysis & Synthesis Status     ; Successful - Fri Feb 13 11:13:35 2026              ;
; Quartus Prime Version           ; 23.1std.1 Build 993 05/14/2024 SC Standard Edition ;
; Revision Name                   ; lab2                                               ;
; Top-level Entity Name           ; lab2                                               ;
; Family                          ; Cyclone V                                          ;
; Logic utilization (in ALMs)     ; N/A                                                ;
; Total registers                 ; 165                                                ;
; Total pins                      ; 57                                                 ;
; Total virtual pins              ; 0                                                  ;
; Total block memory bits         ; 0                                                  ;
; Total DSP Blocks                ; 0                                                  ;
; Total HSSI RX PCSs              ; 0                                                  ;
; Total HSSI PMA RX Deserializers ; 0                                                  ;
; Total HSSI TX PCSs              ; 0                                                  ;
; Total HSSI PMA TX Serializers   ; 0                                                  ;
; Total PLLs                      ; 0                                                  ;
; Total DLLs                      ; 0                                                  ;
+---------------------------------+----------------------------------------------------+


+---------------------------------------------------------------------------------------------------------------------------+
; Analysis & Synthesis Settings                                                                                             ;
+---------------------------------------------------------------------------------+--------------------+--------------------+
; Option                                                                          ; Setting            ; Default Value      ;
+---------------------------------------------------------------------------------+--------------------+--------------------+
; Device                                                                          ; 5CSEMA5F31C6       ;                    ;
; Top-level entity name                                                           ; lab2               ; lab2               ;
; Family name                                                                     ; Cyclone V          ; Cyclone V          ;
; Use smart compilation                                                           ; Off                ; Off                ;
; Enable parallel Assembler and Timing Analyzer during compilation                ; On                 ; On                 ;
; Enable compact report table                                                     ; Off                ; Off                ;
; Restructure Multiplexers                                                        ; Auto               ; Auto               ;
; MLAB Add Timing Constraints For Mixed-Port Feed-Through Mode Setting Don't Care ; Off                ; Off                ;
; Create Debugging Nodes for IP Cores                                             ; Off                ; Off                ;
; Preserve fewer node names                                                       ; On                 ; On                 ;
; Intel FPGA IP Evaluation Mode                                                   ; Enable             ; Enable             ;
; Verilog Version                                                                 ; Verilog_2001       ; Verilog_2001       ;
; VHDL Version                                                                    ; VHDL_1993          ; VHDL_1993          ;
; State Machine Processing                                                        ; Auto               ; Auto               ;
; Safe State Machine                                                              ; Off                ; Off                ;
; Extract Verilog State Machines                                                  ; On                 ; On                 ;
; Extract VHDL State Machines                                                     ; On                 ; On                 ;
; Ignore Verilog initial constructs                                               ; Off                ; Off                ;
; Iteration limit for constant Verilog loops                                      ; 5000               ; 5000               ;
; Iteration limit for non-constant Verilog loops                                  ; 250                ; 250                ;
; Add Pass-Through Logic to Inferred RAMs                                         ; On                 ; On                 ;
; Infer RAMs from Raw Logic                                                       ; On                 ; On                 ;
; Parallel Synthesis                                                              ; On                 ; On                 ;
; DSP Block Balancing                                                             ; Auto               ; Auto               ;
; NOT Gate Push-Back                                                              ; On                 ; On                 ;
; Power-Up Don't Care                                                             ; On                 ; On                 ;
; Remove Redundant Logic Cells                                                    ; Off                ; Off                ;
; Remove Duplicate Registers                                                      ; On                 ; On                 ;
; Ignore CARRY Buffers                                                            ; Off                ; Off                ;
; Ignore CASCADE Buffers                                                          ; Off                ; Off                ;
; Ignore GLOBAL Buffers                                                           ; Off                ; Off                ;
; Ignore ROW GLOBAL Buffers                                                       ; Off                ; Off                ;
; Ignore LCELL Buffers                                                            ; Off                ; Off                ;
; Ignore SOFT Buffers                                                             ; On                 ; On                 ;
; Limit AHDL Integers to 32 Bits                                                  ; Off                ; Off                ;
; Optimization Technique                                                          ; Balanced           ; Balanced           ;
; Carry Chain Length                                                              ; 70                 ; 70                 ;
; Auto Carry Chains                                                               ; On                 ; On                 ;
; Auto Open-Drain Pins                                                            ; On                 ; On                 ;
; Perform WYSIWYG Primitive Resynthesis                                           ; Off                ; Off                ;
; Auto ROM Replacement                                                            ; On                 ; On                 ;
; Auto RAM Replacement                                                            ; On                 ; On                 ;
; Auto DSP Block Replacement                                                      ; On                 ; On                 ;
; Auto Shift Register Replacement                                                 ; Auto               ; Auto               ;
; Allow Shift Register Merging across Hierarchies                                 ; Auto               ; Auto               ;
; Auto Clock Enable Replacement                                                   ; On                 ; On                 ;
; Strict RAM Replacement                                                          ; Off                ; Off                ;
; Allow Synchronous Control Signals                                               ; On                 ; On                 ;
; Force Use of Synchronous Clear Signals                                          ; Off                ; Off                ;
; Auto Resource Sharing                                                           ; Off                ; Off                ;
; Allow Any RAM Size For Recognition                                              ; Off                ; Off                ;
; Allow Any ROM Size For Recognition                                              ; Off                ; Off                ;
; Allow Any Shift Register Size For Recognition                                   ; Off                ; Off                ;
; Use LogicLock Constraints during Resource Balancing                             ; On                 ; On                 ;
; Ignore translate_off and synthesis_off directives                               ; Off                ; Off                ;
; Timing-Driven Synthesis                                                         ; On                 ; On                 ;
; Report Parameter Settings                                                       ; On                 ; On                 ;
; Report Source Assignments                                                       ; On                 ; On                 ;
; Report Connectivity Checks                                                      ; On                 ; On                 ;
; Ignore Maximum Fan-Out Assignments                                              ; Off                ; Off                ;
; Synchronization Register Chain Length                                           ; 3                  ; 3                  ;
; Power Optimization During Synthesis                                             ; Normal compilation ; Normal compilation ;
; HDL message level                                                               ; Level2             ; Level2             ;
; Suppress Register Optimization Related Messages                                 ; Off                ; Off                ;
; Number of Removed Registers Reported in Synthesis Report                        ; 5000               ; 5000               ;
; Number of Swept Nodes Reported in Synthesis Report                              ; 5000               ; 5000               ;
; Number of Inverted Registers Reported in Synthesis Report                       ; 100                ; 100                ;
; Clock MUX Protection                                                            ; On                 ; On                 ;
; Auto Gated Clock Conversion                                                     ; Off                ; Off                ;
; Block Design Naming                                                             ; Auto               ; Auto               ;
; SDC constraint protection                                                       ; Off                ; Off                ;
; Synthesis Effort                                                                ; Auto               ; Auto               ;
; Shift Register Replacement - Allow Asynchronous Clear Signal                    ; On                 ; On                 ;
; Pre-Mapping Resynthesis Optimization                                            ; Off                ; Off                ;
; Analysis & Synthesis Message Level                                              ; Medium             ; Medium             ;
; Disable Register Merging Across Hierarchies                                     ; Auto               ; Auto               ;
; Resource Aware Inference For Block RAM                                          ; On                 ; On                 ;
; Automatic Parallel Synthesis                                                    ; On                 ; On                 ;
; Partial Reconfiguration Bitstream ID                                            ; Off                ; Off                ;
+---------------------------------------------------------------------------------+--------------------+--------------------+


+------------------------------------------+
; Parallel Compilation                     ;
+----------------------------+-------------+
; Processors                 ; Number      ;
+----------------------------+-------------+
; Number detected on machine ; 8           ;
; Maximum allowed            ; 8           ;
;                            ;             ;
; Average used               ; 1.00        ;
; Maximum used               ; 8           ;
;                            ;             ;
; Usage by Processor         ; % Time Used ;
;     Processor 1            ; 100.0%      ;
;     Processor 2            ;   0.0%      ;
;     Processor 3            ;   0.0%      ;
;     Processor 4            ;   0.0%      ;
;     Processors 5-8         ;   0.0%      ;
+----------------------------+-------------+


+------------------------------------------------------------------------------------------------------------------------------------------------------------+
; Analysis & Synthesis Source Files Read                                                                                                                     ;
+----------------------------------+-----------------+------------------------+--------------------------------------------------------------------+---------+
; File Name with User-Entered Path ; Used in Netlist ; File Type              ; File Name with Absolute Path                                       ; Library ;
+----------------------------------+-----------------+------------------------+--------------------------------------------------------------------+---------+
; clock_divider.v                  ; yes             ; User Verilog HDL File  ; C:/Users/Win11/Desktop/Embedded Labs/Test 1/clock_divider.v        ;         ;
; counter.v                        ; yes             ; User Verilog HDL File  ; C:/Users/Win11/Desktop/Embedded Labs/Test 1/counter.v              ;         ;
; hex_to_bcd_converter.v           ; yes             ; User Verilog HDL File  ; C:/Users/Win11/Desktop/Embedded Labs/Test 1/hex_to_bcd_converter.v ;         ;
; random.v                         ; yes             ; User Verilog HDL File  ; C:/Users/Win11/Desktop/Embedded Labs/Test 1/random.v               ;         ;
; seven_seg_decoder.v              ; yes             ; User Verilog HDL File  ; C:/Users/Win11/Desktop/Embedded Labs/Test 1/seven_seg_decoder.v    ;         ;
; lab2.v                           ; yes             ; User Verilog HDL File  ; C:/Users/Win11/Desktop/Embedded Labs/Test 1/lab2.v                 ;         ;
; blinkHEX.v                       ; yes             ; User Verilog HDL File  ; C:/Users/Win11/Desktop/Embedded Labs/Test 1/blinkHEX.v             ;         ;
+----------------------------------+-----------------+------------------------+--------------------------------------------------------------------+---------+


+--------------------------------------------------------------------------+
; Analysis & Synthesis Resource Usage Summary                              ;
+---------------------------------------------+----------------------------+
; Resource                                    ; Usage                      ;
+---------------------------------------------+----------------------------+
; Estimate of Logic utilization (ALMs needed) ; 363                        ;
;                                             ;                            ;
; Combinational ALUT usage for logic          ; 559                        ;
;     -- 7 input functions                    ; 6                          ;
;     -- 6 input functions                    ; 154                        ;
;     -- 5 input functions                    ; 125                        ;
;     -- 4 input functions                    ; 85                         ;
;     -- <=3 input functions                  ; 189                        ;
;                                             ;                            ;
; Dedicated logic registers                   ; 165                        ;
;                                             ;                            ;
; I/O pins                                    ; 57                         ;
;                                             ;                            ;
; Total DSP Blocks                            ; 0                          ;
;                                             ;                            ;
; Maximum fan-out node                        ; clock_divider:u_div|clk_ms ;
; Maximum fan-out                             ; 133                        ;
; Total fan-out                               ; 3045                       ;
; Average fan-out                             ; 3.63                       ;
+---------------------------------------------+----------------------------+


+-----------------------------------------------------------------------------------------------------------------------------------------------------------------------------------------------------------------------------------+
; Analysis & Synthesis Resource Utilization by Entity                                                                                                                                                                               ;
+-----------------------------------------+---------------------+---------------------------+-------------------+------------+------+--------------+------------------------------------------+----------------------+--------------+
; Compilation Hierarchy Node              ; Combinational ALUTs ; Dedicated Logic Registers ; Block Memory Bits ; DSP Blocks ; Pins ; Virtual Pins ; Full Hierarchy Name                      ; Entity Name          ; Library Name ;
+-----------------------------------------+---------------------+---------------------------+-------------------+------------+------+--------------+------------------------------------------+----------------------+--------------+
; |lab2                                   ; 559 (134)           ; 165 (52)                  ; 0                 ; 0          ; 57   ; 0            ; |lab2                                    ; lab2                 ; work         ;
;    |blinkHEX:u_blink|                   ; 17 (17)             ; 13 (13)                   ; 0                 ; 0          ; 0    ; 0            ; |lab2|blinkHEX:u_blink                   ; blinkHEX             ; work         ;
;    |clock_divider:u_div|                ; 44 (44)             ; 33 (33)                   ; 0                 ; 0          ; 0    ; 0            ; |lab2|clock_divider:u_div                ; clock_divider        ; work         ;
;    |counter:u_disp|                     ; 20 (20)             ; 20 (20)                   ; 0                 ; 0          ; 0    ; 0            ; |lab2|counter:u_disp                     ; counter              ; work         ;
;    |counter:u_ms|                       ; 20 (20)             ; 20 (20)                   ; 0                 ; 0          ; 0    ; 0            ; |lab2|counter:u_ms                       ; counter              ; work         ;
;    |hex_to_bcd_converter:u_conv_timer|  ; 135 (135)           ; 0 (0)                     ; 0                 ; 0          ; 0    ; 0            ; |lab2|hex_to_bcd_converter:u_conv_timer  ; hex_to_bcd_converter ; work         ;
;    |hex_to_bcd_converter:u_conv_winner| ; 126 (126)           ; 0 (0)                     ; 0                 ; 0          ; 0    ; 0            ; |lab2|hex_to_bcd_converter:u_conv_winner ; hex_to_bcd_converter ; work         ;
;    |random:u_rng|                       ; 21 (21)             ; 27 (27)                   ; 0                 ; 0          ; 0    ; 0            ; |lab2|random:u_rng                       ; random               ; work         ;
;    |seven_seg_decoder:dec0|             ; 7 (7)               ; 0 (0)                     ; 0                 ; 0          ; 0    ; 0            ; |lab2|seven_seg_decoder:dec0             ; seven_seg_decoder    ; work         ;
;    |seven_seg_decoder:dec1|             ; 7 (7)               ; 0 (0)                     ; 0                 ; 0          ; 0    ; 0            ; |lab2|seven_seg_decoder:dec1             ; seven_seg_decoder    ; work         ;
;    |seven_seg_decoder:dec2|             ; 7 (7)               ; 0 (0)                     ; 0                 ; 0          ; 0    ; 0            ; |lab2|seven_seg_decoder:dec2             ; seven_seg_decoder    ; work         ;
;    |seven_seg_decoder:dec3|             ; 7 (7)               ; 0 (0)                     ; 0                 ; 0          ; 0    ; 0            ; |lab2|seven_seg_decoder:dec3             ; seven_seg_decoder    ; work         ;
;    |seven_seg_decoder:dec4|             ; 7 (7)               ; 0 (0)                     ; 0                 ; 0          ; 0    ; 0            ; |lab2|seven_seg_decoder:dec4             ; seven_seg_decoder    ; work         ;
;    |seven_seg_decoder:dec5|             ; 7 (7)               ; 0 (0)                     ; 0                 ; 0          ; 0    ; 0            ; |lab2|seven_seg_decoder:dec5             ; seven_seg_decoder    ; work         ;
+-----------------------------------------+---------------------+---------------------------+-------------------+------------+------+--------------+------------------------------------------+----------------------+--------------+
Note: For table entries with two numbers listed, the numbers in parentheses indicate the number of resources of the given type used by the specific entity alone. The numbers listed outside of parentheses indicate the total resources of the given type used by the specific entity and all of its sub-entities in the hierarchy.


Encoding Type:  One-Hot
+-------------------------------------------------+
; State Machine - |lab2|code                      ;
+---------+---------+---------+---------+---------+
; Name    ; code.11 ; code.10 ; code.01 ; code.00 ;
+---------+---------+---------+---------+---------+
; code.00 ; 0       ; 0       ; 0       ; 0       ;
; code.01 ; 0       ; 0       ; 1       ; 1       ;
; code.10 ; 0       ; 1       ; 0       ; 1       ;
; code.11 ; 1       ; 0       ; 0       ; 1       ;
+---------+---------+---------+---------+---------+


+----------------------------------------------------------------------------------+
; Registers Removed During Synthesis                                               ;
+----------------------------------------+-----------------------------------------+
; Register name                          ; Reason for Removal                      ;
+----------------------------------------+-----------------------------------------+
; blinkHEX:u_blink|d0[0..3]              ; Merged with blinkHEX:u_blink|d5[0]      ;
; blinkHEX:u_blink|d1[0..3]              ; Merged with blinkHEX:u_blink|d5[0]      ;
; blinkHEX:u_blink|d2[0..3]              ; Merged with blinkHEX:u_blink|d5[0]      ;
; blinkHEX:u_blink|d3[0..3]              ; Merged with blinkHEX:u_blink|d5[0]      ;
; blinkHEX:u_blink|d4[0..3]              ; Merged with blinkHEX:u_blink|d5[0]      ;
; blinkHEX:u_blink|d5[1..3]              ; Merged with blinkHEX:u_blink|d5[0]      ;
; random_wait_ms[13]                     ; Merged with random_wait_ms[12]          ;
; random:u_rng|random[13]                ; Merged with random:u_rng|random[12]     ;
; random:u_rng|reg_values[13]            ; Merged with random:u_rng|reg_values[12] ;
; random:u_rng|random[12]                ; Stuck at GND due to stuck port data_in  ;
; random_wait_ms[12]                     ; Stuck at GND due to stuck port data_in  ;
; code~8                                 ; Lost fanout                             ;
; code~9                                 ; Lost fanout                             ;
; code.00                                ; Lost fanout                             ;
; code.11                                ; Lost fanout                             ;
; Total Number of Removed Registers = 32 ;                                         ;
+----------------------------------------+-----------------------------------------+


+----------------------------------------------------------------------------------------------+
; Removed Registers Triggering Further Register Optimizations                                  ;
+-------------------------+---------------------------+----------------------------------------+
; Register name           ; Reason for Removal        ; Registers Removed due to This Register ;
+-------------------------+---------------------------+----------------------------------------+
; random:u_rng|random[12] ; Stuck at GND              ; random_wait_ms[12]                     ;
;                         ; due to stuck port data_in ;                                        ;
; code~8                  ; Lost Fanouts              ; code.11                                ;
+-------------------------+---------------------------+----------------------------------------+


+------------------------------------------------------+
; General Register Statistics                          ;
+----------------------------------------------+-------+
; Statistic                                    ; Value ;
+----------------------------------------------+-------+
; Total registers                              ; 165   ;
; Number of registers using Synchronous Clear  ; 44    ;
; Number of registers using Synchronous Load   ; 0     ;
; Number of registers using Asynchronous Clear ; 152   ;
; Number of registers using Asynchronous Load  ; 0     ;
; Number of registers using Clock Enable       ; 89    ;
; Number of registers using Preset             ; 0     ;
+----------------------------------------------+-------+


+---------------------------------------------------+
; Inverted Register Statistics                      ;
+-----------------------------------------+---------+
; Inverted Register                       ; Fan out ;
+-----------------------------------------+---------+
; random_wait_ms[3]                       ; 3       ;
; random_wait_ms[9]                       ; 1       ;
; random_wait_ms[8]                       ; 1       ;
; random_wait_ms[7]                       ; 1       ;
; random_wait_ms[6]                       ; 1       ;
; random_wait_ms[5]                       ; 1       ;
; random:u_rng|reg_values[12]             ; 4       ;
; random:u_rng|reg_values[11]             ; 3       ;
; random:u_rng|reg_values[10]             ; 3       ;
; random:u_rng|reg_values[5]              ; 2       ;
; random:u_rng|reg_values[4]              ; 4       ;
; random:u_rng|reg_values[3]              ; 2       ;
; random:u_rng|reg_values[9]              ; 3       ;
; random:u_rng|reg_values[8]              ; 3       ;
; random:u_rng|reg_values[7]              ; 3       ;
; random:u_rng|reg_values[6]              ; 4       ;
; random:u_rng|enable                     ; 5       ;
; random:u_rng|reg_values[2]              ; 3       ;
; random:u_rng|reg_values[1]              ; 1       ;
; random:u_rng|reg_values[0]              ; 5       ;
; Total number of inverted registers = 20 ;         ;
+-----------------------------------------+---------+


+------------------------------------------------------------------------------------------------------------------------------------------+
; Multiplexer Restructuring Statistics (Restructuring Performed)                                                                           ;
+--------------------+-----------+---------------+----------------------+------------------------+------------+----------------------------+
; Multiplexer Inputs ; Bus Width ; Baseline Area ; Area if Restructured ; Saving if Restructured ; Registered ; Example Multiplexer Output ;
+--------------------+-----------+---------------+----------------------+------------------------+------------+----------------------------+
; 8:1                ; 2 bits    ; 10 LEs        ; 6 LEs                ; 4 LEs                  ; Yes        ; |lab2|state.TIMER_S        ;
; 8:1                ; 2 bits    ; 10 LEs        ; 4 LEs                ; 6 LEs                  ; Yes        ; |lab2|state.RESUME_S       ;
; 5:1                ; 2 bits    ; 6 LEs         ; 4 LEs                ; 2 LEs                  ; No         ; |lab2|code                 ;
; 5:1                ; 2 bits    ; 6 LEs         ; 6 LEs                ; 0 LEs                  ; No         ; |lab2|p2_win_pulse         ;
; 7:1                ; 3 bits    ; 12 LEs        ; 12 LEs               ; 0 LEs                  ; No         ; |lab2|Selector2            ;
; 7:1                ; 3 bits    ; 12 LEs        ; 12 LEs               ; 0 LEs                  ; No         ; |lab2|Selector11           ;
; 7:1                ; 3 bits    ; 12 LEs        ; 12 LEs               ; 0 LEs                  ; No         ; |lab2|Selector8            ;
; 7:1                ; 3 bits    ; 12 LEs        ; 12 LEs               ; 0 LEs                  ; No         ; |lab2|Selector12           ;
; 7:1                ; 3 bits    ; 12 LEs        ; 12 LEs               ; 0 LEs                  ; No         ; |lab2|Selector18           ;
; 7:1                ; 2 bits    ; 8 LEs         ; 8 LEs                ; 0 LEs                  ; No         ; |lab2|Selector20           ;
+--------------------+-----------+---------------+----------------------+------------------------+------------+----------------------------+


+------------------------------------------------------------------+
; Parameter Settings for User Entity Instance: clock_divider:u_div ;
+----------------+-------+-----------------------------------------+
; Parameter Name ; Value ; Type                                    ;
+----------------+-------+-----------------------------------------+
; factor         ; 50000 ; Signed Integer                          ;
+----------------+-------+-----------------------------------------+
Note: In order to hide this table in the UI and the text report file, please set the "Show Parameter Settings in Synthesis Report" option in "Analysis and Synthesis Settings -> More Settings" to "Off".


+---------------------------------------------------------------+
; Parameter Settings for User Entity Instance: blinkHEX:u_blink ;
+----------------+-------+--------------------------------------+
; Parameter Name ; Value ; Type                                 ;
+----------------+-------+--------------------------------------+
; factor         ; 200   ; Signed Integer                       ;
+----------------+-------+--------------------------------------+
Note: In order to hide this table in the UI and the text report file, please set the "Show Parameter Settings in Synthesis Report" option in "Analysis and Synthesis Settings -> More Settings" to "Off".


+------------------------------------------+
; Port Connectivity Checks: "counter:u_ms" ;
+--------+-------+----------+--------------+
; Port   ; Type  ; Severity ; Details      ;
+--------+-------+----------+--------------+
; enable ; Input ; Info     ; Stuck at VCC ;
+--------+-------+----------+--------------+


+-----------------------------------------------------+
; Post-Synthesis Netlist Statistics for Top Partition ;
+-----------------------+-----------------------------+
; Type                  ; Count                       ;
+-----------------------+-----------------------------+
; arriav_ff             ; 165                         ;
;     CLR               ; 31                          ;
;     CLR SCLR          ; 44                          ;
;     ENA               ; 12                          ;
;     ENA CLR           ; 77                          ;
;     plain             ; 1                           ;
; arriav_lcell_comb     ; 580                         ;
;     arith             ; 93                          ;
;         0 data inputs ; 2                           ;
;         1 data inputs ; 89                          ;
;         2 data inputs ; 2                           ;
;     extend            ; 6                           ;
;         7 data inputs ; 6                           ;
;     normal            ; 481                         ;
;         1 data inputs ; 41                          ;
;         2 data inputs ; 36                          ;
;         3 data inputs ; 40                          ;
;         4 data inputs ; 85                          ;
;         5 data inputs ; 125                         ;
;         6 data inputs ; 154                         ;
; boundary_port         ; 57                          ;
;                       ;                             ;
; Max LUT depth         ; 14.00                       ;
; Average LUT depth     ; 8.10                        ;
+-----------------------+-----------------------------+


+-------------------------------+
; Elapsed Time Per Partition    ;
+----------------+--------------+
; Partition Name ; Elapsed Time ;
+----------------+--------------+
; Top            ; 00:00:09     ;
+----------------+--------------+


+-------------------------------+
; Analysis & Synthesis Messages ;
+-------------------------------+
Info: *******************************************************************
Info: Running Quartus Prime Analysis & Synthesis
    Info: Version 23.1std.1 Build 993 05/14/2024 SC Standard Edition
    Info: Processing started: Fri Feb 13 11:13:11 2026
Info: Command: quartus_map --read_settings_files=on --write_settings_files=off lab2 -c lab2
Warning (18236): Number of processors has not been specified which may cause overloading on shared machines.  Set the global assignment NUM_PARALLEL_PROCESSORS in your QSF to an appropriate value for best performance.
Info (20030): Parallel compilation is enabled and will use 8 of the 8 processors detected
Info (12021): Found 1 design units, including 1 entities, in source file mul.v
    Info (12023): Found entity 1: MUL File: C:/Users/Win11/Desktop/Embedded Labs/Test 1/MUL.v Line: 1
Info (12021): Found 1 design units, including 1 entities, in source file clock_divider.v
    Info (12023): Found entity 1: clock_divider File: C:/Users/Win11/Desktop/Embedded Labs/Test 1/clock_divider.v Line: 1
Info (12021): Found 1 design units, including 1 entities, in source file counter.v
    Info (12023): Found entity 1: counter File: C:/Users/Win11/Desktop/Embedded Labs/Test 1/counter.v Line: 1
Info (12021): Found 1 design units, including 1 entities, in source file hex_to_bcd_converter.v
    Info (12023): Found entity 1: hex_to_bcd_converter File: C:/Users/Win11/Desktop/Embedded Labs/Test 1/hex_to_bcd_converter.v Line: 1
Info (12021): Found 1 design units, including 1 entities, in source file random.v
    Info (12023): Found entity 1: random File: C:/Users/Win11/Desktop/Embedded Labs/Test 1/random.v Line: 1
Info (12021): Found 1 design units, including 1 entities, in source file seven_seg_decoder.v
    Info (12023): Found entity 1: seven_seg_decoder File: C:/Users/Win11/Desktop/Embedded Labs/Test 1/seven_seg_decoder.v Line: 1
Info (12021): Found 1 design units, including 1 entities, in source file lab2.v
    Info (12023): Found entity 1: lab2 File: C:/Users/Win11/Desktop/Embedded Labs/Test 1/lab2.v Line: 23
Info (12021): Found 1 design units, including 1 entities, in source file blinkhex.v
    Info (12023): Found entity 1: blinkHEX File: C:/Users/Win11/Desktop/Embedded Labs/Test 1/blinkHEX.v Line: 1
Info (12127): Elaborating entity "lab2" for the top level hierarchy
Warning (10270): Verilog HDL Case Statement warning at lab2.v(183): incomplete case statement has no default case item File: C:/Users/Win11/Desktop/Embedded Labs/Test 1/lab2.v Line: 183
Info (10264): Verilog HDL Case Statement information at lab2.v(183): all case item expressions in this case statement are onehot File: C:/Users/Win11/Desktop/Embedded Labs/Test 1/lab2.v Line: 183
Info (10018): Can't recognize finite state machine "state" because it has a complex reset state
Info (12128): Elaborating entity "clock_divider" for hierarchy "clock_divider:u_div" File: C:/Users/Win11/Desktop/Embedded Labs/Test 1/lab2.v Line: 51
Info (12128): Elaborating entity "counter" for hierarchy "counter:u_ms" File: C:/Users/Win11/Desktop/Embedded Labs/Test 1/lab2.v Line: 61
Info (12128): Elaborating entity "blinkHEX" for hierarchy "blinkHEX:u_blink" File: C:/Users/Win11/Desktop/Embedded Labs/Test 1/lab2.v Line: 70
Warning (10230): Verilog HDL assignment warning at blinkHEX.v(23): truncated value with size 32 to match size of target (12) File: C:/Users/Win11/Desktop/Embedded Labs/Test 1/blinkHEX.v Line: 23
Warning (10230): Verilog HDL assignment warning at blinkHEX.v(33): truncated value with size 32 to match size of target (12) File: C:/Users/Win11/Desktop/Embedded Labs/Test 1/blinkHEX.v Line: 33
Info (12128): Elaborating entity "random" for hierarchy "random:u_rng" File: C:/Users/Win11/Desktop/Embedded Labs/Test 1/lab2.v Line: 95
Info (12128): Elaborating entity "hex_to_bcd_converter" for hierarchy "hex_to_bcd_converter:u_conv_timer" File: C:/Users/Win11/Desktop/Embedded Labs/Test 1/lab2.v Line: 167
Info (12128): Elaborating entity "seven_seg_decoder" for hierarchy "seven_seg_decoder:dec0" File: C:/Users/Win11/Desktop/Embedded Labs/Test 1/lab2.v Line: 217
Warning (13004): Presettable and clearable registers converted to equivalent circuits with latches. Registers power-up to an undefined state, and DEVCLRn places the registers in an undefined state.
    Warning (13310): Register "state.RESET_S" is converted into an equivalent circuit using register "state.RESET_S~_emulated" and latch "state.RESET_S~1" File: C:/Users/Win11/Desktop/Embedded Labs/Test 1/lab2.v Line: 43
    Warning (13310): Register "state.RESUME_S" is converted into an equivalent circuit using register "state.RESUME_S~_emulated" and latch "state.RESUME_S~1" File: C:/Users/Win11/Desktop/Embedded Labs/Test 1/lab2.v Line: 43
Info (286030): Timing-Driven Synthesis is running
Info (17049): 4 registers lost all their fanouts during netlist optimizations.
Info (144001): Generated suppressed messages file C:/Users/Win11/Desktop/Embedded Labs/Test 1/output_files/lab2.map.smsg
Info (16010): Generating hard_block partition "hard_block:auto_generated_inst"
    Info (16011): Adding 0 node(s), including 0 DDIO, 0 PLL, 0 transceiver and 0 LCELL
Info (21057): Implemented 665 device resources after synthesis - the final resource count might be different
    Info (21058): Implemented 5 input pins
    Info (21059): Implemented 52 output pins
    Info (21061): Implemented 608 logic cells
Info: Quartus Prime Analysis & Synthesis was successful. 0 errors, 7 warnings
    Info: Peak virtual memory: 4900 megabytes
    Info: Processing ended: Fri Feb 13 11:13:35 2026
    Info: Elapsed time: 00:00:24
    Info: Total CPU time (on all processors): 00:00:47


+------------------------------------------+
; Analysis & Synthesis Suppressed Messages ;
+------------------------------------------+
The suppressed messages can be found in C:/Users/Win11/Desktop/Embedded Labs/Test 1/output_files/lab2.map.smsg.


