MIF/HEX Update report for lab5
Mon Apr  6 11:40:03 2026
Quartus Prime Version 23.1std.1 Build 993 05/14/2024 SC Standard Edition


---------------------
; Table of Contents ;
---------------------
  1. Legal Notice
  2. MIF/HEX Update Summary
  3. MIF/HEX Update Processed Files
  4. MIF/HEX Update Messages



----------------
; Legal Notice ;
----------------
Copyright (C) 2024  Intel Corporation. All rights reserved.
Your use of Intel Corporation's design tools, logic functions 
and other software and tools, and any partner logic 
functions, and any output files from any of the foregoing 
(including device programming or simulation files), and any 
associated documentation or information are expressly subject 
to the terms and conditions of the Intel Program License 
Subscription Agreement, the Intel Quartus Prime License Agreement,
the Intel FPGA IP License Agreement, or other applicable license
agreement, including, without limitation, that your use is for
the sole purpose of programming logic devices manufactured by
Intel and sold by Intel or its authorized distributors.  Please
refer to the applicable agreement for further details, at
https://fpgasoftware.intel.com/eula.



+---------------------------------------------------------------+
; MIF/HEX Update Summary                                        ;
+-----------------------+---------------------------------------+
; MIF/HEX Update Status ; Successful - Mon Apr  6 11:40:03 2026 ;
; Revision Name         ; lab5                                  ;
; Top-level Entity Name ; lab5                                  ;
; Family                ; Cyclone V                             ;
; Device                ; 5CSEMA5F31C6                          ;
+-----------------------+---------------------------------------+


+--------------------------------------------------------------------------------------+
; MIF/HEX Update Processed Files                                                       ;
+--------------------------------------------------------------------------------------+
; File Name                                                                            ;
+--------------------------------------------------------------------------------------+
; C:/Users/Win11/Desktop/Embedded Labs/Lab 5/lab5-starter_restored/instruction_rom.mif ;
; C:/Users/Win11/Desktop/Embedded Labs/Lab 5/lab5-starter_restored/stepper_rom.mif     ;
+--------------------------------------------------------------------------------------+


+-------------------------+
; MIF/HEX Update Messages ;
+-------------------------+
Info: *******************************************************************
Info: Running Quartus Prime MIF/HEX Update
    Info: Version 23.1std.1 Build 993 05/14/2024 SC Standard Edition
    Info: Processing started: Mon Apr  6 11:39:58 2026
Info: Command: quartus_cdb lab5 -c lab5 --update_mif
Warning (18236): Number of processors has not been specified which may cause overloading on shared machines.  Set the global assignment NUM_PARALLEL_PROCESSORS in your QSF to an appropriate value for best performance.
Warning (113016): Width of data items in "stepper_rom.mif" is smaller than the memory width. Padding data items with 0 on MSB to fit in memory.  File: C:/Users/Win11/Desktop/Embedded Labs/Lab 5/lab5-starter_restored/stepper_rom.mif Line: 24
Critical Warning (127005): Memory depth (256) in the design file differs from memory depth (8) in the Memory Initialization File "C:/Users/Win11/Desktop/Embedded Labs/Lab 5/lab5-starter_restored/stepper_rom.mif" -- setting initial value for remaining addresses to 0
Info (39024): Processed the following Memory Initialization File(s)
    Info (39025): Processed Memory Initialization File C:/Users/Win11/Desktop/Embedded Labs/Lab 5/lab5-starter_restored/instruction_rom.mif File: C:/Users/Win11/Desktop/Embedded Labs/Lab 5/lab5-starter_restored/instruction_rom.mif Line: 0
    Info (39025): Processed Memory Initialization File C:/Users/Win11/Desktop/Embedded Labs/Lab 5/lab5-starter_restored/stepper_rom.mif File: C:/Users/Win11/Desktop/Embedded Labs/Lab 5/lab5-starter_restored/stepper_rom.mif Line: 0
Info: Quartus Prime MIF/HEX Update was successful. 0 errors, 3 warnings
    Info: Peak virtual memory: 4931 megabytes
    Info: Processing ended: Mon Apr  6 11:40:03 2026
    Info: Elapsed time: 00:00:05
    Info: Total CPU time (on all processors): 00:00:04


