Flow report for lab2
Sat Feb  7 18:33:53 2026
Quartus Prime Version 23.1std.1 Build 993 05/14/2024 SC Standard Edition


---------------------
; Table of Contents ;
---------------------
  1. Legal Notice
  2. Flow Summary
  3. Flow Settings
  4. Flow Non-Default Global Settings
  5. Flow Elapsed Time
  6. Flow OS Summary
  7. Flow Log
  8. Flow Messages
  9. Flow Suppressed Messages



----------------
; Legal Notice ;
----------------
Copyright (C) 2024  Intel Corporation. All rights reserved.
Your use of Intel Corporation's design tools, logic functions 
and other software and tools, and any partner logic 
functions, and any output files from any of the foregoing 
(including device programming or simulation files), and any 
associated documentation or information are expressly subject 
to the terms and conditions of the Intel Program License 
Subscription Agreement, the Intel Quartus Prime License Agreement,
the Intel FPGA IP License Agreement, or other applicable license
agreement, including, without limitation, that your use is for
the sole purpose of programming logic devices manufactured by
Intel and sold by Intel or its authorized distributors.  Please
refer to the applicable agreement for further details, at
https://fpgasoftware.intel.com/eula.



+--------------------------------------------------------------------------------------+
; Flow Summary                                                                         ;
+---------------------------------+----------------------------------------------------+
; Flow Status                     ; Successful - Sat Feb  7 18:33:39 2026              ;
; Quartus Prime Version           ; 23.1std.1 Build 993 05/14/2024 SC Standard Edition ;
; Revision Name                   ; lab2                                               ;
; Top-level Entity Name           ; lab2                                               ;
; Family                          ; Cyclone V                                          ;
; Device                          ; 5CSEMA5F31C6                                       ;
; Timing Models                   ; Final                                              ;
; Logic utilization (in ALMs)     ; 71 / 32,070 ( < 1 % )                              ;
; Total registers                 ; 119                                                ;
; Total pins                      ; 57 / 457 ( 12 % )                                  ;
; Total virtual pins              ; 0                                                  ;
; Total block memory bits         ; 0 / 4,065,280 ( 0 % )                              ;
; Total DSP Blocks                ; 0 / 87 ( 0 % )                                     ;
; Total HSSI RX PCSs              ; 0                                                  ;
; Total HSSI PMA RX Deserializers ; 0                                                  ;
; Total HSSI TX PCSs              ; 0                                                  ;
; Total HSSI PMA TX Serializers   ; 0                                                  ;
; Total PLLs                      ; 0 / 6 ( 0 % )                                      ;
; Total DLLs                      ; 0 / 4 ( 0 % )                                      ;
+---------------------------------+----------------------------------------------------+


+-----------------------------------------+
; Flow Settings                           ;
+-------------------+---------------------+
; Option            ; Setting             ;
+-------------------+---------------------+
; Start date & time ; 02/07/2026 18:30:52 ;
; Main task         ; Compilation         ;
; Revision Name     ; lab2                ;
+-------------------+---------------------+


+-------------------------------------------------------------------------------------------------------------------------+
; Flow Non-Default Global Settings                                                                                        ;
+-------------------------------------+----------------------------------------+---------------+-------------+------------+
; Assignment Name                     ; Value                                  ; Default Value ; Entity Name ; Section Id ;
+-------------------------------------+----------------------------------------+---------------+-------------+------------+
; COMPILER_SIGNATURE_ID               ; 24062491136.177050705206136            ; --            ; --          ; --         ;
; MAX_CORE_JUNCTION_TEMP              ; 85                                     ; --            ; --          ; --         ;
; MIN_CORE_JUNCTION_TEMP              ; 0                                      ; --            ; --          ; --         ;
; PARTITION_COLOR                     ; -- (Not supported for targeted family) ; --            ; --          ; Top        ;
; PARTITION_FITTER_PRESERVATION_LEVEL ; -- (Not supported for targeted family) ; --            ; --          ; Top        ;
; PARTITION_NETLIST_TYPE              ; -- (Not supported for targeted family) ; --            ; --          ; Top        ;
; PROJECT_OUTPUT_DIRECTORY            ; output_files                           ; --            ; --          ; --         ;
+-------------------------------------+----------------------------------------+---------------+-------------+------------+


+--------------------------------------------------------------------------------------------------------------------------+
; Flow Elapsed Time                                                                                                        ;
+----------------------+--------------+-------------------------+---------------------+------------------------------------+
; Module Name          ; Elapsed Time ; Average Processors Used ; Peak Virtual Memory ; Total CPU Time (on all processors) ;
+----------------------+--------------+-------------------------+---------------------+------------------------------------+
; Analysis & Synthesis ; 00:00:32     ; 1.0                     ; 4903 MB             ; 00:01:11                           ;
; Fitter               ; 00:01:57     ; 1.0                     ; 7124 MB             ; 00:04:46                           ;
; Assembler            ; 00:00:12     ; 1.0                     ; 5241 MB             ; 00:00:11                           ;
; Timing Analyzer      ; 00:00:12     ; 1.2                     ; 5385 MB             ; 00:00:12                           ;
; Total                ; 00:02:53     ; --                      ; --                  ; 00:06:20                           ;
+----------------------+--------------+-------------------------+---------------------+------------------------------------+


+------------------------------------------------------------------------------------+
; Flow OS Summary                                                                    ;
+----------------------+------------------+------------+------------+----------------+
; Module Name          ; Machine Hostname ; OS Name    ; OS Version ; Processor type ;
+----------------------+------------------+------------+------------+----------------+
; Analysis & Synthesis ; AviTronic        ; Windows 10 ; 10.0       ; x86_64         ;
; Fitter               ; AviTronic        ; Windows 10 ; 10.0       ; x86_64         ;
; Assembler            ; AviTronic        ; Windows 10 ; 10.0       ; x86_64         ;
; Timing Analyzer      ; AviTronic        ; Windows 10 ; 10.0       ; x86_64         ;
+----------------------+------------------+------------+------------+----------------+


------------
; Flow Log ;
------------
quartus_map --read_settings_files=on --write_settings_files=off lab2 -c lab2
quartus_fit --read_settings_files=off --write_settings_files=off lab2 -c lab2
quartus_asm --read_settings_files=off --write_settings_files=off lab2 -c lab2
quartus_sta lab2 -c lab2



