Restore Archived Project report for lab2
Sat Feb  7 18:27:38 2026
Quartus Prime Version 23.1std.1 Build 993 05/14/2024 SC Standard Edition


---------------------
; Table of Contents ;
---------------------
  1. Legal Notice
  2. Restore Archived Project Summary
  3. Restore Archived Project Messages
  4. Files Restored
  5. Files Not Restored



----------------
; Legal Notice ;
----------------
Copyright (C) 2024  Intel Corporation. All rights reserved.
Your use of Intel Corporation's design tools, logic functions 
and other software and tools, and any partner logic 
functions, and any output files from any of the foregoing 
(including device programming or simulation files), and any 
associated documentation or information are expressly subject 
to the terms and conditions of the Intel Program License 
Subscription Agreement, the Intel Quartus Prime License Agreement,
the Intel FPGA IP License Agreement, or other applicable license
agreement, including, without limitation, that your use is for
the sole purpose of programming logic devices manufactured by
Intel and sold by Intel or its authorized distributors.  Please
refer to the applicable agreement for further details, at
https://fpgasoftware.intel.com/eula.



+-------------------------------------------------------------------------+
; Restore Archived Project Summary                                        ;
+---------------------------------+---------------------------------------+
; Restore Archived Project Status ; Successful - Sat Feb  7 18:27:38 2026 ;
; Revision Name                   ; lab2                                  ;
; Top-level Entity Name           ; lab2                                  ;
; Family                          ; Cyclone V                             ;
+---------------------------------+---------------------------------------+


+-----------------------------------+
; Restore Archived Project Messages ;
+-----------------------------------+
Info: Successfully restored 'C:/Users/Win11/Desktop/Embedded Labs/Tutorial 2/refs/lab2.qar' into the 'C:/Users/Win11/Desktop/Embedded Labs/Tutorial 2/refs/lab2_restored/' directory
Info: Generated report 'lab2.restore.rpt'
Info (23030): Evaluation of Tcl script c:/intelfpga/23.1std/quartus/common/tcl/apps/qpm/qar.tcl was successful
Info: Quartus Prime Shell was successful. 0 errors, 0 warnings
    Info: Peak virtual memory: 4871 megabytes
    Info: Processing ended: Sat Feb  7 18:27:38 2026
    Info: Elapsed time: 00:00:02
    Info: Total CPU time (on all processors): 00:00:02


+-------------------------+
; Files Restored          ;
+-------------------------+
; File Name               ;
+-------------------------+
; qar_info.json           ;
; blinkHEX.v              ;
; clock_divider.v         ;
; counter.v               ;
; lab2.qpf                ;
; lab2.qsf                ;
; lab2.v                  ;
; seven_seg_decoder.v     ;
; assignment_defaults.qdf ;
+-------------------------+


+--------------------+
; Files Not Restored ;
+--------------------+
; File Name          ;
+--------------------+


